<?xml version="1.0" encoding="UTF-8"?>
<testng-results ignored="0" total="1" passed="1" failed="0" skipped="0">
  <reporter-output>
  </reporter-output>
  <suite started-at="2024-10-09T13:22:52 IST" name="Suite" finished-at="2024-10-09T13:23:04 IST" duration-ms="11933">
    <groups>
    </groups>
    <test started-at="2024-10-09T13:22:52 IST" name="Extent Report Demo" finished-at="2024-10-09T13:23:04 IST" duration-ms="11933">
      <class name="hcyclewala.UploadDownload">
        <test-method signature="checking()[pri:0, instance:hcyclewala.UploadDownload@708f5957]" started-at="2024-10-09T13:22:52 IST" name="checking" finished-at="2024-10-09T13:23:04 IST" duration-ms="11885" status="PASS">
          <reporter-output>
          </reporter-output>
        </test-method> <!-- checking -->
      </class> <!-- hcyclewala.UploadDownload -->
    </test> <!-- Extent Report Demo -->
  </suite> <!-- Suite -->
</testng-results>
